Base path: C:/Program Files/Unity/Editor/Data
Cmd: initializeCompiler
Cmd: preprocess
  insize=1715 outsize=1059 ok=1
Cmd: preprocess
  insize=1852 outsize=1056 ok=1
Cmd: preprocess
  error: 2 plat 20 at (35): Can't find include file ../../../Distortion/GvrDistortion.cginc
  insize=1773 outsize=916 ok=0
Cmd: preprocess
  insize=3138 outsize=1779 ok=1
Cmd: preprocess
  insize=3352 outsize=1314 ok=1
Cmd: preprocess
  insize=1665 outsize=983 ok=1
Cmd: preprocess
  insize=1203 outsize=1203 ok=1
Cmd: preprocess
  insize=1486 outsize=863 ok=1
Cmd: preprocess
  insize=2004 outsize=1219 ok=1
Cmd: preprocess
  insize=1702 outsize=871 ok=1
Cmd: preprocess
  insize=1181 outsize=1181 ok=1
Cmd: preprocess
  insize=2011 outsize=1056 ok=1
Cmd: preprocess
  insize=8533 outsize=1045 ok=1
Cmd: compileSnippet
  api=5 type=0 insize=1127 outsize=690 kw= pd=UNITY_NO_DXT5nm UNITY_NO_RGBM UNITY_ENABLE_REFLECTION_BUFFERS UNITY_FRAMEBUFFER_FETCH_AVAILABLE UNITY_NO_CUBEMAP_ARRAY UNITY_NO_SCREENSPACE_SHADOWS UNITY_PBS_USE_BRDF3 UNITY_NO_FULL_STANDARD_SHADER SHADER_API_MOBILE UNITY_HARDWARE_TIER1 UNITY_COLORSPACE_GAMMA ok=1
Cmd: compileSnippet
  api=5 type=1 insize=1127 outsize=0 kw= pd=UNITY_NO_DXT5nm UNITY_NO_RGBM UNITY_ENABLE_REFLECTION_BUFFERS UNITY_FRAMEBUFFER_FETCH_AVAILABLE UNITY_NO_CUBEMAP_ARRAY UNITY_NO_SCREENSPACE_SHADOWS UNITY_PBS_USE_BRDF3 UNITY_NO_FULL_STANDARD_SHADER SHADER_API_MOBILE UNITY_HARDWARE_TIER1 UNITY_COLORSPACE_GAMMA ok=1
